# JRE version: OpenJDK Runtime Environment (11.0.30+7) (build 11.0.30+7-post-Ubuntu-1ubuntu124.04)
# Java VM: OpenJDK 64-Bit Server VM (11.0.30+7-post-Ubuntu-1ubuntu124.04, mixed mode, sharing, tiered, compressed oops, g1 gc, linux-amd64)
Heap:
 garbage-first heap   total 27648K, used 6086K [0x00000000c0000000, 0x0000000100000000)
  region size 1024K, 1 young (1024K), 0 survivors (0K)
 Metaspace       used 2886K, capacity 5080K, committed 5248K, reserved 1056768K
  class space    used 265K, capacity 520K, committed 640K, reserved 1048576K
GC Heap History (16 events):
Event: 0.103 GC heap before
{Heap before GC invocations=0 (full 0):
 garbage-first heap   total 258048K, used 5840K [0x00000000c0000000, 0x0000000100000000)
  region size 1024K, 6 young (6144K), 0 survivors (0K)
 Metaspace       used 2016K, capacity 4848K, committed 5120K, reserved 1056768K
  class space    used 191K, capacity 489K, committed 512K, reserved 1048576K
}
Event: 0.107 GC heap after
{Heap after GC invocations=1 (full 1):
 garbage-first heap   total 24576K, used 2001K [0x00000000c0000000, 0x0000000100000000)
  region size 1024K, 0 young (0K), 0 survivors (0K)
 Metaspace       used 2016K, capacity 4848K, committed 5120K, reserved 1056768K
  class space    used 191K, capacity 489K, committed 512K, reserved 1048576K
}
Event: 0.155 GC heap before
{Heap before GC invocations=1 (full 1):
 garbage-first heap   total 24576K, used 9169K [0x00000000c0000000, 0x0000000100000000)
  region size 1024K, 7 young (7168K), 0 survivors (0K)
 Metaspace       used 2638K, capacity 5031K, committed 5120K, reserved 1056768K
  class space    used 242K, capacity 504K, committed 512K, reserved 1048576K
}
Event: 0.156 GC heap after
{Heap after GC invocations=2 (full 1):
 garbage-first heap   total 24576K, used 2901K [0x00000000c0000000, 0x0000000100000000)
  region size 1024K, 1 young (1024K), 1 survivors (1024K)
 Metaspace       used 2638K, capacity 5031K, committed 5120K, reserved 1056768K
  class space    used 242K, capacity 504K, committed 512K, reserved 1048576K
}
Event: 0.162 GC heap before
{Heap before GC invocations=2 (full 1):
 garbage-first heap   total 24576K, used 11093K [0x00000000c0000000, 0x0000000100000000)
  region size 1024K, 9 young (9216K), 1 survivors (1024K)
 Metaspace       used 2642K, capacity 5031K, committed 5120K, reserved 1056768K
  class space    used 242K, capacity 504K, committed 512K, reserved 1048576K
}
Event: 0.164 GC heap after
{Heap after GC invocations=3 (full 1):
 garbage-first heap   total 24576K, used 3698K [0x00000000c0000000, 0x0000000100000000)
  region size 1024K, 2 young (2048K), 2 survivors (2048K)
 Metaspace       used 2642K, capacity 5031K, committed 5120K, reserved 1056768K
  class space    used 242K, capacity 504K, committed 512K, reserved 1048576K
}
Event: 0.173 GC heap before
{Heap before GC invocations=3 (full 1):
 garbage-first heap   total 24576K, used 10866K [0x00000000c0000000, 0x0000000100000000)
  region size 1024K, 9 young (9216K), 2 survivors (2048K)
 Metaspace       used 2652K, capacity 5031K, committed 5120K, reserved 1056768K
  class space    used 242K, capacity 504K, committed 512K, reserved 1048576K
}
Event: 0.174 GC heap after
{Heap after GC invocations=4 (full 1):
 garbage-first heap   total 24576K, used 4317K [0x00000000c0000000, 0x0000000100000000)
  region size 1024K, 2 young (2048K), 2 survivors (2048K)
 Metaspace       used 2652K, capacity 5031K, committed 5120K, reserved 1056768K
  class space    used 242K, capacity 504K, committed 512K, reserved 1048576K
}
Event: 0.182 GC heap before
{Heap before GC invocations=4 (full 1):
 garbage-first heap   total 24576K, used 11485K [0x00000000c0000000, 0x0000000100000000)
  region size 1024K, 9 young (9216K), 2 survivors (2048K)
 Metaspace       used 2653K, capacity 5031K, committed 5120K, reserved 1056768K
  class space    used 242K, capacity 504K, committed 512K, reserved 1048576K
}
Event: 0.184 GC heap after
{Heap after GC invocations=5 (full 1):
 garbage-first heap   total 24576K, used 5203K [0x00000000c0000000, 0x0000000100000000)
  region size 1024K, 2 young (2048K), 2 survivors (2048K)
 Metaspace       used 2653K, capacity 5031K, committed 5120K, reserved 1056768K
  class space    used 242K, capacity 504K, committed 512K, reserved 1048576K
}
Event: 0.194 GC heap before
{Heap before GC invocations=5 (full 1):
 garbage-first heap   total 24576K, used 12371K [0x00000000c0000000, 0x0000000100000000)
  region size 1024K, 9 young (9216K), 2 survivors (2048K)
 Metaspace       used 2698K, capacity 5032K, committed 5120K, reserved 1056768K
  class space    used 242K, capacity 504K, committed 512K, reserved 1048576K
}
Event: 0.197 GC heap after
{Heap after GC invocations=6 (full 1):
 garbage-first heap   total 140288K, used 6104K [0x00000000c0000000, 0x0000000100000000)
  region size 1024K, 2 young (2048K), 2 survivors (2048K)
 Metaspace       used 2698K, capacity 5032K, committed 5120K, reserved 1056768K
  class space    used 242K, capacity 504K, committed 512K, reserved 1048576K
}
Event: 0.224 GC heap before
{Heap before GC invocations=6 (full 1):
 garbage-first heap   total 140288K, used 8152K [0x00000000c0000000, 0x0000000100000000)
  region size 1024K, 5 young (5120K), 2 survivors (2048K)
 Metaspace       used 2883K, capacity 5080K, committed 5248K, reserved 1056768K
  class space    used 265K, capacity 520K, committed 640K, reserved 1048576K
}
Event: 0.229 GC heap after
{Heap after GC invocations=7 (full 2):
 garbage-first heap   total 30720K, used 6084K [0x00000000c0000000, 0x0000000100000000)
  region size 1024K, 0 young (0K), 0 survivors (0K)
 Metaspace       used 2883K, capacity 5080K, committed 5248K, reserved 1056768K
  class space    used 265K, capacity 520K, committed 640K, reserved 1048576K
}
Event: 0.245 GC heap before
{Heap before GC invocations=7 (full 2):
 garbage-first heap   total 30720K, used 6084K [0x00000000c0000000, 0x0000000100000000)
  region size 1024K, 1 young (1024K), 0 survivors (0K)
 Metaspace       used 2883K, capacity 5080K, committed 5248K, reserved 1056768K
  class space    used 265K, capacity 520K, committed 640K, reserved 1048576K
}
Event: 0.250 GC heap after
{Heap after GC invocations=8 (full 3):
 garbage-first heap   total 27648K, used 6086K [0x00000000c0000000, 0x0000000100000000)
  region size 1024K, 0 young (0K), 0 survivors (0K)
 Metaspace       used 2883K, capacity 5080K, committed 5248K, reserved 1056768K
  class space    used 265K, capacity 520K, committed 640K, reserved 1048576K
}

